app/build/intermediates/manifest_merge_blame_file/debug/manifest-merger-blame-debug-report.txt
1<?xml version="1.0" encoding="utf-8"?>
2<manifest xmlns:android="http://schemas.android.com/apk/res/android"
3    package="com.example.androidattendancesystem"
4    android:versionCode="1"
5    android:versionName="1.0" >
6
7    <uses-sdk
8        android:minSdkVersion="23"
8-->src/main/AndroidManifest.xml
9        android:targetSdkVersion="33" />
9-->src/main/AndroidManifest.xml
10
11    <application
11-->src/main/AndroidManifest.xml:7:5-59:19
12        android:name="com.android.attendance.context.ApplicationContext"
12-->src/main/AndroidManifest.xml:8:10-74
13        android:allowBackup="true"
13-->src/main/AndroidManifest.xml:9:9-35
14        android:appComponentFactory="androidx.core.app.CoreComponentFactory"
14-->[androidx.core:core:1.0.0] AndroidManifest.xml:22:18-86
15        android:debuggable="true"
16        android:extractNativeLibs="false"
17        android:icon="@drawable/schoolic"
17-->src/main/AndroidManifest.xml:10:9-42
18        android:label="@string/app_name"
18-->src/main/AndroidManifest.xml:11:9-41
19        android:testOnly="true"
20        android:theme="@style/AppTheme" >
20-->src/main/AndroidManifest.xml:12:9-40
21        <activity
21-->src/main/AndroidManifest.xml:13:9-21:20
22            android:name="com.android.attendance.activity.MainActivity"
22-->src/main/AndroidManifest.xml:14:13-72
23            android:exported="true" >
23-->src/main/AndroidManifest.xml:15:13-36
24            <intent-filter>
24-->src/main/AndroidManifest.xml:16:13-20:29
25                <action android:name="android.intent.action.MAIN" />
25-->src/main/AndroidManifest.xml:17:17-69
25-->src/main/AndroidManifest.xml:17:25-66
26
27                <category android:name="android.intent.category.LAUNCHER" />
27-->src/main/AndroidManifest.xml:19:17-77
27-->src/main/AndroidManifest.xml:19:27-74
28            </intent-filter>
29        </activity>
30        <activity android:name="com.android.attendance.activity.LoginActivity" >
30-->src/main/AndroidManifest.xml:22:10-24:20
30-->src/main/AndroidManifest.xml:23:13-73
31        </activity>
32        <activity android:name="com.android.attendance.activity.MenuActivity" >
32-->src/main/AndroidManifest.xml:25:10-27:20
32-->src/main/AndroidManifest.xml:26:13-72
33        </activity>
34        <activity android:name="com.android.attendance.activity.AddFacultyActivity" >
34-->src/main/AndroidManifest.xml:28:10-30:20
34-->src/main/AndroidManifest.xml:29:13-78
35        </activity>
36        <activity android:name="com.android.attendance.activity.AddStudentActivity" >
36-->src/main/AndroidManifest.xml:31:9-33:20
36-->src/main/AndroidManifest.xml:32:13-78
37        </activity>
38        <activity android:name="com.android.attendance.activity.ViewFacultyActivity" >
38-->src/main/AndroidManifest.xml:34:9-36:20
38-->src/main/AndroidManifest.xml:35:13-79
39        </activity>
40        <activity android:name="com.android.attendance.activity.ViewStudentActivity" >
40-->src/main/AndroidManifest.xml:37:9-39:20
40-->src/main/AndroidManifest.xml:38:13-79
41        </activity>
42        <activity android:name="com.android.attendance.activity.TestActivity" >
42-->src/main/AndroidManifest.xml:40:9-42:20
42-->src/main/AndroidManifest.xml:41:13-72
43        </activity>
44        <activity android:name="com.android.attendance.activity.ViewStudentByBranchYear" >
44-->src/main/AndroidManifest.xml:43:10-45:20
44-->src/main/AndroidManifest.xml:44:13-83
45        </activity>
46        <activity android:name="com.android.attendance.activity.AddAttandanceSessionActivity" >
46-->src/main/AndroidManifest.xml:46:11-48:20
46-->src/main/AndroidManifest.xml:47:13-88
47        </activity>
48        <activity android:name="com.android.attendance.activity.AddAttendanceActivity" >
48-->src/main/AndroidManifest.xml:49:10-51:20
48-->src/main/AndroidManifest.xml:50:13-81
49        </activity>
50        <activity android:name="com.android.attendance.activity.ViewAttendanceByFacultyActivity" >
50-->src/main/AndroidManifest.xml:52:10-54:20
50-->src/main/AndroidManifest.xml:53:13-91
51        </activity>
52        <activity android:name="com.android.attendance.activity.ViewAttendancePerStudentActivity" >
52-->src/main/AndroidManifest.xml:55:10-57:20
52-->src/main/AndroidManifest.xml:56:13-92
53        </activity>
54    </application>
55
56</manifest>